<?xml version="1.0" encoding="UTF-8"?>
<testng-results ignored="0" total="1" passed="1" failed="0" skipped="0">
  <reporter-output>
    <line>
      <![CDATA[==================================ixigo.com]]>
    </line>
    <line>
      <![CDATA[==================================texttt]]>
    </line>
    <line>
      <![CDATA[==================================174]]>
    </line>
    <line>
      <![CDATA[==================================2685]]>
    </line>
    <line>
      <![CDATA[==================================00:1002:20
AirAsia India  I5330]]>
    </line>
    <line>
      <![CDATA[==================================2693]]>
    </line>
    <line>
      <![CDATA[==================================08:3510:50
AirAsia India  I5315]]>
    </line>
    <line>
      <![CDATA[==================================2693]]>
    </line>
    <line>
      <![CDATA[==================================05:0018:45
AirAsia India  I5631, I5549]]>
    </line>
    <line>
      <![CDATA[==================================2693]]>
    </line>
    <line>
      <![CDATA[==================================13:0002:55
+1
AirAsia India  I5363, I5722]]>
    </line>
    <line>
      <![CDATA[==================================2744]]>
    </line>
    <line>
      <![CDATA[==================================12:1502:55
+1
AirAsia India  I5942, I5722]]>
    </line>
    <line>
      <![CDATA[==================================2744]]>
    </line>
    <line>
      <![CDATA[==================================11:1017:50
Go Air  G8351, G8150]]>
    </line>
    <line>
      <![CDATA[==================================2744]]>
    </line>
    <line>
      <![CDATA[==================================11:1020:45
Go Air  G8351, G8132]]>
    </line>
    <line>
      <![CDATA[==================================2752]]>
    </line>
    <line>
      <![CDATA[==================================11:1022:15
Go Air  G8351, G8144]]>
    </line>
    <line>
      <![CDATA[==================================2988]]>
    </line>
    <line>
      <![CDATA[==================================12:5019:45
Go Air  G8335, G8175]]>
    </line>
    <line>
      <![CDATA[==================================2988]]>
    </line>
    <line>
      <![CDATA[==================================07:0013:55
AirAsia India  I5941, I5824]]>
    </line>
    <line>
      <![CDATA[==================================2988]]>
    </line>
    <line>
      <![CDATA[==================================05:0013:55
AirAsia India  I5631, I5745]]>
    </line>
    <line>
      <![CDATA[==================================2988]]>
    </line>
    <line>
      <![CDATA[==================================13:0022:20
AirAsia India  I5363, I5996]]>
    </line>
    <line>
      <![CDATA[==================================2988]]>
    </line>
    <line>
      <![CDATA[==================================12:1522:20
AirAsia India  I5942, I5996]]>
    </line>
    <line>
      <![CDATA[==================================2989]]>
    </line>
    <line>
      <![CDATA[==================================23:3509:55
+1
AirAsia India  I5317, I5552]]>
    </line>
    <line>
      <![CDATA[==================================3039]]>
    </line>
    <line>
      <![CDATA[==================================15:2002:05
+1
Go Air  G8382, G8195]]>
    </line>
    <line>
      <![CDATA[==================================3046]]>
    </line>
    <line>
      <![CDATA[==================================11:1016:20
Go Air  G8351, G8229]]>
    </line>
    <line>
      <![CDATA[==================================3046]]>
    </line>
    <line>
      <![CDATA[==================================19:4521:55
Vistara  UK940]]>
    </line>
    <line>
      <![CDATA[==================================3046]]>
    </line>
    <line>
      <![CDATA[==================================17:3019:40
Vistara  UK910]]>
    </line>
    <line>
      <![CDATA[==================================3046]]>
    </line>
    <line>
      <![CDATA[==================================10:2512:40
Vistara  UK994]]>
    </line>
    <line>
      <![CDATA[==================================3046]]>
    </line>
    <line>
      <![CDATA[==================================15:4518:05
Vistara  UK902]]>
    </line>
    <line>
      <![CDATA[==================================3145]]>
    </line>
    <line>
      <![CDATA[==================================10:5519:45
Go Air  G8306, G8175]]>
    </line>
    <line>
      <![CDATA[==================================3145]]>
    </line>
    <line>
      <![CDATA[==================================10:5016:10
Go Air  G8287, G8196]]>
    </line>
    <line>
      <![CDATA[==================================3145]]>
    </line>
    <line>
      <![CDATA[==================================10:5019:15
Go Air  G8287, G8189]]>
    </line>
    <line>
      <![CDATA[==================================3145]]>
    </line>
    <line>
      <![CDATA[==================================10:5019:50
Go Air  G8287, G8181]]>
    </line>
    <line>
      <![CDATA[==================================3145]]>
    </line>
    <line>
      <![CDATA[==================================10:5020:55
Go Air  G8287, G8149]]>
    </line>
    <line>
      <![CDATA[==================================3151]]>
    </line>
    <line>
      <![CDATA[==================================10:5021:20
Go Air  G8287, G83018]]>
    </line>
    <line>
      <![CDATA[==================================3243]]>
    </line>
    <line>
      <![CDATA[==================================10:3022:00
Go Air  G8349, G8183]]>
    </line>
    <line>
      <![CDATA[==================================3243]]>
    </line>
    <line>
      <![CDATA[==================================15:2520:40
IndiGo  6E5568, 6E648]]>
    </line>
    <line>
      <![CDATA[==================================3284]]>
    </line>
    <line>
      <![CDATA[==================================17:4001:10
+1
IndiGo  6E5623, 6E2023]]>
    </line>
    <line>
      <![CDATA[==================================3284]]>
    </line>
    <line>
      <![CDATA[==================================15:2020:05
Go Air  G8382, G8285]]>
    </line>
    <line>
      <![CDATA[==================================3284]]>
    </line>
    <line>
      <![CDATA[==================================22:0003:05
+1
Go Air  G8384, G83020]]>
    </line>
    <line>
      <![CDATA[==================================3353]]>
    </line>
    <line>
      <![CDATA[==================================11:3020:05
Go Air  G8331, G8285]]>
    </line>
    <line>
      <![CDATA[==================================3394]]>
    </line>
    <line>
      <![CDATA[==================================22:5007:45
+1
SpiceJet  SG637, SG8194]]>
    </line>
    <line>
      <![CDATA[==================================3394]]>
    </line>
    <line>
      <![CDATA[==================================07:3511:15
Go Air  G8365, G8720]]>
    </line>
    <line>
      <![CDATA[==================================3494]]>
    </line>
    <line>
      <![CDATA[==================================19:2023:55
Go Air  G8364, G8714]]>
    </line>
    <line>
      <![CDATA[==================================3494]]>
    </line>
    <line>
      <![CDATA[==================================13:3018:15
IndiGo  6E5388, 6E2392]]>
    </line>
    <line>
      <![CDATA[==================================3494]]>
    </line>
    <line>
      <![CDATA[==================================19:1500:30
+1
IndiGo  6E6818, 6E2173]]>
    </line>
    <line>
      <![CDATA[==================================3494]]>
    </line>
    <line>
      <![CDATA[==================================17:5523:10
IndiGo  6E448, 6E2385]]>
    </line>
    <line>
      <![CDATA[==================================3494]]>
    </line>
    <line>
      <![CDATA[==================================16:1021:30
IndiGo  6E267, 6E791]]>
    </line>
    <line>
      <![CDATA[==================================3494]]>
    </line>
    <line>
      <![CDATA[==================================17:5500:30
+1
IndiGo  6E448, 6E2173]]>
    </line>
    <line>
      <![CDATA[==================================3494]]>
    </line>
    <line>
      <![CDATA[==================================16:2523:10
IndiGo  6E5375, 6E2385]]>
    </line>
    <line>
      <![CDATA[==================================3494]]>
    </line>
    <line>
      <![CDATA[==================================10:2517:15
IndiGo  6E5307, 6E6409]]>
    </line>
    <line>
      <![CDATA[==================================3494]]>
    </line>
    <line>
      <![CDATA[==================================16:1023:30
IndiGo  6E267, 6E2383]]>
    </line>
    <line>
      <![CDATA[==================================3494]]>
    </line>
    <line>
      <![CDATA[==================================07:3515:20
IndiGo  6E6555, 6E482]]>
    </line>
    <line>
      <![CDATA[==================================3494]]>
    </line>
    <line>
      <![CDATA[==================================07:2015:15
IndiGo  6E5731, 6E6468]]>
    </line>
    <line>
      <![CDATA[==================================3712]]>
    </line>
    <line>
      <![CDATA[==================================16:2500:30
+1
IndiGo  6E5375, 6E2173]]>
    </line>
    <line>
      <![CDATA[==================================3712]]>
    </line>
    <line>
      <![CDATA[==================================13:5015:55
Go Air  G8391]]>
    </line>
    <line>
      <![CDATA[==================================3712]]>
    </line>
    <line>
      <![CDATA[==================================08:0510:10
Go Air  G8327]]>
    </line>
    <line>
      <![CDATA[==================================3712]]>
    </line>
    <line>
      <![CDATA[==================================06:0008:05
Go Air  G8329]]>
    </line>
    <line>
      <![CDATA[==================================3712]]>
    </line>
    <line>
      <![CDATA[==================================18:0020:05
Go Air  G8339]]>
    </line>
    <line>
      <![CDATA[==================================3712]]>
    </line>
    <line>
      <![CDATA[==================================06:0508:15
IndiGo  6E5047]]>
    </line>
    <line>
      <![CDATA[==================================3712]]>
    </line>
    <line>
      <![CDATA[==================================18:4520:55
IndiGo  6E2412]]>
    </line>
    <line>
      <![CDATA[==================================3712]]>
    </line>
    <line>
      <![CDATA[==================================17:0019:10
IndiGo  6E5535]]>
    </line>
    <line>
      <![CDATA[==================================3712]]>
    </line>
    <line>
      <![CDATA[==================================09:1511:25
IndiGo  6E6126]]>
    </line>
    <line>
      <![CDATA[==================================3712]]>
    </line>
    <line>
      <![CDATA[==================================07:0009:10
Air India  AI864]]>
    </line>
    <line>
      <![CDATA[==================================3712]]>
    </line>
    <line>
      <![CDATA[==================================13:3515:50
IndiGo  6E5519]]>
    </line>
    <line>
      <![CDATA[==================================3712]]>
    </line>
    <line>
      <![CDATA[==================================07:4510:00
IndiGo  6E2417]]>
    </line>
    <line>
      <![CDATA[==================================3712]]>
    </line>
    <line>
      <![CDATA[==================================10:1512:30
SpiceJet  SG8702]]>
    </line>
    <line>
      <![CDATA[==================================3712]]>
    </line>
    <line>
      <![CDATA[==================================07:2009:35
SpiceJet  SG8152]]>
    </line>
    <line>
      <![CDATA[==================================3712]]>
    </line>
    <line>
      <![CDATA[==================================19:0021:15
Air India  AI888]]>
    </line>
    <line>
      <![CDATA[==================================3712]]>
    </line>
    <line>
      <![CDATA[==================================10:0012:15
Air India  AI809]]>
    </line>
    <line>
      <![CDATA[==================================3712]]>
    </line>
    <line>
      <![CDATA[==================================11:5014:05
IndiGo  6E2352]]>
    </line>
    <line>
      <![CDATA[==================================3712]]>
    </line>
    <line>
      <![CDATA[==================================21:3023:45
IndiGo  6E248]]>
    </line>
    <line>
      <![CDATA[==================================3712]]>
    </line>
    <line>
      <![CDATA[==================================19:3521:55
SpiceJet  SG8158]]>
    </line>
    <line>
      <![CDATA[==================================3712]]>
    </line>
    <line>
      <![CDATA[==================================18:0020:30
Air India  AI660]]>
    </line>
    <line>
      <![CDATA[==================================3712]]>
    </line>
    <line>
      <![CDATA[==================================16:2020:25
SpiceJet  SG2642]]>
    </line>
    <line>
      <![CDATA[==================================3713]]>
    </line>
    <line>
      <![CDATA[==================================07:0511:10
Air India  AI635]]>
    </line>
    <line>
      <![CDATA[==================================3744]]>
    </line>
    <line>
      <![CDATA[==================================18:3520:45
AirAsia India  I5829]]>
    </line>
    <line>
      <![CDATA[==================================3744]]>
    </line>
    <line>
      <![CDATA[==================================14:1019:05
IndiGo  6E953, 6E226]]>
    </line>
    <line>
      <![CDATA[==================================3744]]>
    </line>
    <line>
      <![CDATA[==================================11:1016:10
IndiGo  6E918, 6E2438]]>
    </line>
    <line>
      <![CDATA[==================================3744]]>
    </line>
    <line>
      <![CDATA[==================================10:0015:10
IndiGo  6E5326, 6E455]]>
    </line>
    <line>
      <![CDATA[==================================3995]]>
    </line>
    <line>
      <![CDATA[==================================11:5019:40
IndiGo  6E749, 6E2299]]>
    </line>
    <line>
      <![CDATA[==================================3995]]>
    </line>
    <line>
      <![CDATA[==================================16:4500:45
+1
IndiGo  6E793, 6E5178]]>
    </line>
    <line>
      <![CDATA[==================================3275]]>
    </line>
    <line>
      <![CDATA[==================================11:3019:30
IndiGo  6E832, 6E2086]]>
    </line>
    <line>
      <![CDATA[==================================3275]]>
    </line>
    <line>
      <![CDATA[==================================05:4507:55
AirAsia India  I5314]]>
    </line>
    <line>
      <![CDATA[==================================3275]]>
    </line>
    <line>
      <![CDATA[==================================06:1510:15
IndiGo  6E2098, 6E5343]]>
    </line>
    <line>
      <![CDATA[==================================3275]]>
    </line>
    <line>
      <![CDATA[==================================12:1016:20
IndiGo  6E161, 6E5303]]>
    </line>
    <line>
      <![CDATA[==================================3275]]>
    </line>
    <line>
      <![CDATA[==================================13:5518:10
IndiGo  6E6245, 6E628]]>
    </line>
    <line>
      <![CDATA[==================================3275]]>
    </line>
    <line>
      <![CDATA[==================================20:1000:30
+1
IndiGo  6E5006, 6E6813]]>
    </line>
    <line>
      <![CDATA[==================================3275]]>
    </line>
    <line>
      <![CDATA[==================================10:5515:20
IndiGo  6E636, 6E264]]>
    </line>
    <line>
      <![CDATA[==================================3275]]>
    </line>
    <line>
      <![CDATA[==================================14:2519:10
IndiGo  6E2966, 6E933]]>
    </line>
    <line>
      <![CDATA[==================================3275]]>
    </line>
    <line>
      <![CDATA[==================================17:1522:15
IndiGo  6E2967, 6E5321]]>
    </line>
    <line>
      <![CDATA[==================================3275]]>
    </line>
    <line>
      <![CDATA[==================================19:1500:20
+1
IndiGo  6E723, 6E884]]>
    </line>
    <line>
      <![CDATA[==================================3275]]>
    </line>
    <line>
      <![CDATA[==================================12:1017:45
IndiGo  6E2044, 6E5306]]>
    </line>
    <line>
      <![CDATA[==================================3275]]>
    </line>
    <line>
      <![CDATA[==================================13:5019:30
IndiGo  6E2733, 6E6811]]>
    </line>
    <line>
      <![CDATA[==================================3275]]>
    </line>
    <line>
      <![CDATA[==================================16:3022:10
IndiGo  6E2546, 6E891]]>
    </line>
    <line>
      <![CDATA[==================================3275]]>
    </line>
    <line>
      <![CDATA[==================================18:4500:30
+1
IndiGo  6E2136, 6E6813]]>
    </line>
    <line>
      <![CDATA[==================================3275]]>
    </line>
    <line>
      <![CDATA[==================================15:5021:40
IndiGo  6E937, 6E6602]]>
    </line>
    <line>
      <![CDATA[==================================3275]]>
    </line>
    <line>
      <![CDATA[==================================11:0016:50
IndiGo  6E322, 6E448]]>
    </line>
    <line>
      <![CDATA[==================================3275]]>
    </line>
    <line>
      <![CDATA[==================================07:2013:10
IndiGo  6E2373, 6E167]]>
    </line>
    <line>
      <![CDATA[==================================3275]]>
    </line>
    <line>
      <![CDATA[==================================10:0015:55
IndiGo  6E2334, 6E5377]]>
    </line>
    <line>
      <![CDATA[==================================3275]]>
    </line>
    <line>
      <![CDATA[==================================09:4515:40
IndiGo  6E816, 6E903]]>
    </line>
    <line>
      <![CDATA[==================================3275]]>
    </line>
    <line>
      <![CDATA[==================================06:2012:20
IndiGo  6E774, 6E297]]>
    </line>
    <line>
      <![CDATA[==================================3275]]>
    </line>
    <line>
      <![CDATA[==================================11:3517:35
IndiGo  6E2187, 6E5325]]>
    </line>
    <line>
      <![CDATA[==================================3275]]>
    </line>
    <line>
      <![CDATA[==================================19:1501:20
+1
IndiGo  6E723, 6E235]]>
    </line>
    <line>
      <![CDATA[==================================3275]]>
    </line>
    <line>
      <![CDATA[==================================13:3519:40
IndiGo  6E6205, 6E5312]]>
    </line>
    <line>
      <![CDATA[==================================3275]]>
    </line>
    <line>
      <![CDATA[==================================06:3012:50
IndiGo  6E2042, 6E5399]]>
    </line>
    <line>
      <![CDATA[==================================3275]]>
    </line>
    <line>
      <![CDATA[==================================14:1020:35
IndiGo  6E2201, 6E5358]]>
    </line>
    <line>
      <![CDATA[==================================3279]]>
    </line>
    <line>
      <![CDATA[==================================04:3511:00
IndiGo  6E517, 6E5622]]>
    </line>
    <line>
      <![CDATA[==================================3279]]>
    </line>
    <line>
      <![CDATA[==================================13:1519:50
IndiGo  6E951, 6E468]]>
    </line>
    <line>
      <![CDATA[==================================3284]]>
    </line>
    <line>
      <![CDATA[==================================20:5006:20
+1
AirAsia India  I5721, I5941]]>
    </line>
    <line>
      <![CDATA[==================================3284]]>
    </line>
    <line>
      <![CDATA[==================================16:0506:20
+1
AirAsia India  I5784, I5941]]>
    </line>
    <line>
      <![CDATA[==================================3334]]>
    </line>
    <line>
      <![CDATA[==================================16:5521:10
Go Air  G8188, G8396]]>
    </line>
    <line>
      <![CDATA[==================================3334]]>
    </line>
    <line>
      <![CDATA[==================================12:0017:50
Go Air  G8268, G8337]]>
    </line>
    <line>
      <![CDATA[==================================3440]]>
    </line>
    <line>
      <![CDATA[==================================20:1006:35
+1
SpiceJet  SG8193, SG636]]>
    </line>
    <line>
      <![CDATA[==================================3440]]>
    </line>
    <line>
      <![CDATA[==================================05:4506:35
+1
SpiceJet  SG8913, SG636]]>
    </line>
    <line>
      <![CDATA[==================================3440]]>
    </line>
    <line>
      <![CDATA[==================================10:2015:30
Go Air  G8404, G8350]]>
    </line>
    <line>
      <![CDATA[==================================3440]]>
    </line>
    <line>
      <![CDATA[==================================11:0016:45
Go Air  G82511, G8352]]>
    </line>
    <line>
      <![CDATA[==================================3440]]>
    </line>
    <line>
      <![CDATA[==================================12:0018:40
Go Air  G8194, G82606]]>
    </line>
    <line>
      <![CDATA[==================================3440]]>
    </line>
    <line>
      <![CDATA[==================================12:0018:40
Go Air  G8137, G82606]]>
    </line>
    <line>
      <![CDATA[==================================3440]]>
    </line>
    <line>
      <![CDATA[==================================10:4018:00
Go Air  G8286, G8320]]>
    </line>
    <line>
      <![CDATA[==================================3440]]>
    </line>
    <line>
      <![CDATA[==================================12:0019:30
Go Air  G8137, G8372]]>
    </line>
    <line>
      <![CDATA[==================================3440]]>
    </line>
    <line>
      <![CDATA[==================================12:0019:30
Go Air  G8194, G8372]]>
    </line>
    <line>
      <![CDATA[==================================3491]]>
    </line>
    <line>
      <![CDATA[==================================10:2018:00
Go Air  G8404, G8320]]>
    </line>
    <line>
      <![CDATA[==================================3491]]>
    </line>
    <line>
      <![CDATA[==================================10:4018:40
Go Air  G8286, G82606]]>
    </line>
    <line>
      <![CDATA[==================================3637]]>
    </line>
    <line>
      <![CDATA[==================================08:5014:20
Go Air  G83011, G83002]]>
    </line>
    <line>
      <![CDATA[==================================3637]]>
    </line>
    <line>
      <![CDATA[==================================05:2011:15
Go Air  G8190, G8386]]>
    </line>
    <line>
      <![CDATA[==================================3637]]>
    </line>
    <line>
      <![CDATA[==================================06:0008:00
Vistara  UK975]]>
    </line>
    <line>
      <![CDATA[==================================3637]]>
    </line>
    <line>
      <![CDATA[==================================20:4022:50
Vistara  UK953]]>
    </line>
    <line>
      <![CDATA[==================================3637]]>
    </line>
    <line>
      <![CDATA[==================================16:5519:05
Vistara  UK941]]>
    </line>
    <line>
      <![CDATA[==================================3637]]>
    </line>
    <line>
      <![CDATA[==================================15:3017:40
Vistara  UK933]]>
    </line>
    <line>
      <![CDATA[==================================3637]]>
    </line>
    <line>
      <![CDATA[==================================09:3011:40
Vistara  UK927]]>
    </line>
    <line>
      <![CDATA[==================================3637]]>
    </line>
    <line>
      <![CDATA[==================================12:5015:00
Vistara  UK993]]>
    </line>
    <line>
      <![CDATA[==================================3637]]>
    </line>
    <line>
      <![CDATA[==================================19:5022:00
Vistara  UK985]]>
    </line>
    <line>
      <![CDATA[==================================3637]]>
    </line>
    <line>
      <![CDATA[==================================21:4023:50
Vistara  UK981]]>
    </line>
    <line>
      <![CDATA[==================================3637]]>
    </line>
    <line>
      <![CDATA[==================================07:3009:45
Vistara  UK943]]>
    </line>
    <line>
      <![CDATA[==================================3637]]>
    </line>
    <line>
      <![CDATA[==================================10:2012:35
Vistara  UK995]]>
    </line>
    <line>
      <![CDATA[==================================3637]]>
    </line>
    <line>
      <![CDATA[==================================17:4520:05
Vistara  UK955]]>
    </line>
    <line>
      <![CDATA[==================================3637]]>
    </line>
    <line>
      <![CDATA[==================================11:4014:00
Vistara  UK945]]>
    </line>
    <line>
      <![CDATA[==================================3774]]>
    </line>
    <line>
      <![CDATA[==================================18:5521:15
Vistara  UK977]]>
    </line>
    <line>
      <![CDATA[==================================3774]]>
    </line>
    <line>
      <![CDATA[==================================08:5011:10
Vistara  UK963]]>
    </line>
    <line>
      <![CDATA[==================================3774]]>
    </line>
    <line>
      <![CDATA[==================================18:0018:20
+1
Vistara  UK969, UK926]]>
    </line>
    <line>
      <![CDATA[==================================4428]]>
    </line>
    <line>
      <![CDATA[==================================08:4518:20
Vistara  UK979, UK926]]>
    </line>
    <line>
      <![CDATA[==================================4428]]>
    </line>
    <line>
      <![CDATA[==================================06:3018:20
Vistara  UK959, UK926]]>
    </line>
    <line>
      <![CDATA[==================================4428]]>
    </line>
    <line>
      <![CDATA[==================================20:5022:55
Go Air  G8330]]>
    </line>
    <line>
      <![CDATA[==================================4428]]>
    </line>
    <line>
      <![CDATA[==================================08:0010:05
Go Air  G8334]]>
    </line>
    <line>
      <![CDATA[==================================4428]]>
    </line>
    <line>
      <![CDATA[==================================06:5008:55
Go Air  G8530]]>
    </line>
    <line>
      <![CDATA[==================================4428]]>
    </line>
    <line>
      <![CDATA[==================================18:2020:25
Go Air  G8323]]>
    </line>
    <line>
      <![CDATA[==================================4428]]>
    </line>
    <line>
      <![CDATA[==================================08:5011:00
SpiceJet  SG8723]]>
    </line>
    <line>
      <![CDATA[==================================4428]]>
    </line>
    <line>
      <![CDATA[==================================07:2009:35
SpiceJet  SG8701]]>
    </line>
    <line>
      <![CDATA[==================================4428]]>
    </line>
    <line>
      <![CDATA[==================================18:4521:05
SpiceJet  SG8709]]>
    </line>
    <line>
      <![CDATA[==================================4429]]>
    </line>
    <line>
      <![CDATA[==================================19:4522:05
SpiceJet  SG8169]]>
    </line>
    <line>
      <![CDATA[==================================4429]]>
    </line>
    <line>
      <![CDATA[==================================11:3015:50
SpiceJet  SG2871]]>
    </line>
    <line>
      <![CDATA[==================================4429]]>
    </line>
    <line>
      <![CDATA[==================================02:3004:35
IndiGo  6E171]]>
    </line>
    <line>
      <![CDATA[==================================4429]]>
    </line>
    <line>
      <![CDATA[==================================07:0009:05
Air India  AI887]]>
    </line>
    <line>
      <![CDATA[==================================4429]]>
    </line>
    <line>
      <![CDATA[==================================07:2009:25
IndiGo  6E5536]]>
    </line>
    <line>
      <![CDATA[==================================4429]]>
    </line>
    <line>
      <![CDATA[==================================15:4517:50
IndiGo  6E5071]]>
    </line>
    <line>
      <![CDATA[==================================4429]]>
    </line>
    <line>
      <![CDATA[==================================12:0014:05
IndiGo  6E6202]]>
    </line>
    <line>
      <![CDATA[==================================4429]]>
    </line>
    <line>
      <![CDATA[==================================06:5008:55
IndiGo  6E993]]>
    </line>
    <line>
      <![CDATA[==================================4429]]>
    </line>
    <line>
      <![CDATA[==================================20:0022:10
Air India  AI805]]>
    </line>
    <line>
      <![CDATA[==================================4429]]>
    </line>
    <line>
      <![CDATA[==================================08:0010:10
Air India  AI665]]>
    </line>
    <line>
      <![CDATA[==================================4429]]>
    </line>
    <line>
      <![CDATA[==================================08:0510:15
IndiGo  6E5012]]>
    </line>
    <line>
      <![CDATA[==================================4429]]>
    </line>
    <line>
      <![CDATA[==================================10:4012:50
Air India  AI865]]>
    </line>
    <line>
      <![CDATA[==================================4429]]>
    </line>
    <line>
      <![CDATA[==================================16:4018:50
IndiGo  6E5115]]>
    </line>
    <line>
      <![CDATA[==================================4429]]>
    </line>
    <line>
      <![CDATA[==================================21:5500:05
+1
IndiGo  6E665]]>
    </line>
    <line>
      <![CDATA[==================================4429]]>
    </line>
    <line>
      <![CDATA[==================================19:4021:50
IndiGo  6E5162]]>
    </line>
    <line>
      <![CDATA[==================================4429]]>
    </line>
    <line>
      <![CDATA[==================================09:3011:45
IndiGo  6E2281]]>
    </line>
    <line>
      <![CDATA[==================================4429]]>
    </line>
    <line>
      <![CDATA[==================================08:4511:00
IndiGo  6E6197]]>
    </line>
    <line>
      <![CDATA[==================================4429]]>
    </line>
    <line>
      <![CDATA[==================================17:4520:00
IndiGo  6E6186]]>
    </line>
    <line>
      <![CDATA[==================================4429]]>
    </line>
    <line>
      <![CDATA[==================================04:5507:10
IndiGo  6E5379]]>
    </line>
    <line>
      <![CDATA[==================================4429]]>
    </line>
    <line>
      <![CDATA[==================================19:0021:15
Air India  AI624]]>
    </line>
    <line>
      <![CDATA[==================================4429]]>
    </line>
    <line>
      <![CDATA[==================================10:3012:45
IndiGo  6E5518]]>
    </line>
    <line>
      <![CDATA[==================================4429]]>
    </line>
    <line>
      <![CDATA[==================================09:0011:15
Air India  AI678]]>
    </line>
    <line>
      <![CDATA[==================================4430]]>
    </line>
    <line>
      <![CDATA[==================================20:3023:00
IndiGo  6E5625]]>
    </line>
    <line>
      <![CDATA[==================================4430]]>
    </line>
    <line>
      <![CDATA[==================================17:5021:35
Air India  AI441]]>
    </line>
    <line>
      <![CDATA[==================================5330]]>
    </line>
    <line>
      <![CDATA[==================================15:4017:50
AirAsia India  I5559]]>
    </line>
    <line>
      <![CDATA[==================================5330]]>
    </line>
    <line>
      <![CDATA[==================================20:5523:15
AirAsia India  I5482]]>
    </line>
    <line>
      <![CDATA[==================================5334]]>
    </line>
    <line>
      <![CDATA[==================================16:4521:05
Go Air  G8717, G8537]]>
    </line>
    <line>
      <![CDATA[==================================5334]]>
    </line>
    <line>
      <![CDATA[==================================20:0501:45
+1
Go Air  G8713, G8413]]>
    </line>
    <line>
      <![CDATA[==================================5334]]>
    </line>
    <line>
      <![CDATA[==================================14:3020:20
AirAsia India  I5828, I5630]]>
    </line>
    <line>
      <![CDATA[==================================5334]]>
    </line>
    <line>
      <![CDATA[==================================20:5004:20
+1
AirAsia India  I5721, I5334]]>
    </line>
    <line>
      <![CDATA[==================================5334]]>
    </line>
    <line>
      <![CDATA[==================================08:3017:55
AirAsia India  I5926, I5304]]>
    </line>
    <line>
      <![CDATA[==================================5334]]>
    </line>
    <line>
      <![CDATA[==================================08:0017:55
AirAsia India  I5740, I5304]]>
    </line>
    <line>
      <![CDATA[==================================5334]]>
    </line>
    <line>
      <![CDATA[==================================09:2520:20
AirAsia India  I5744, I5630]]>
    </line>
  </reporter-output>
  <suite started-at="2021-04-19T22:41:49 IST" name="Default suite" finished-at="2021-04-19T22:44:24 IST" duration-ms="154408">
    <groups>
    </groups>
    <test started-at="2021-04-19T22:41:49 IST" name="Default test" finished-at="2021-04-19T22:44:24 IST" duration-ms="154408">
      <class name="test.automation.test.com.AirlineSearchDetails">
        <test-method is-config="true" signature="loginToApp()[pri:0, instance:test.automation.test.com.AirlineSearchDetails@5db4c359]" started-at="2021-04-19T22:41:49 IST" name="loginToApp" finished-at="2021-04-19T22:41:56 IST" duration-ms="6284" status="PASS">
          <reporter-output>
            <line>
              <![CDATA[==================================ixigo.com]]>
            </line>
          </reporter-output>
        </test-method> <!-- loginToApp -->
        <test-method signature="airlineSearchDetails()[pri:0, instance:test.automation.test.com.AirlineSearchDetails@5db4c359]" started-at="2021-04-19T22:41:56 IST" name="airlineSearchDetails" finished-at="2021-04-19T22:44:24 IST" duration-ms="147903" status="PASS">
          <reporter-output>
            <line>
              <![CDATA[==================================texttt]]>
            </line>
            <line>
              <![CDATA[==================================174]]>
            </line>
            <line>
              <![CDATA[==================================2685]]>
            </line>
            <line>
              <![CDATA[==================================00:1002:20
AirAsia India  I5330]]>
            </line>
            <line>
              <![CDATA[==================================2693]]>
            </line>
            <line>
              <![CDATA[==================================08:3510:50
AirAsia India  I5315]]>
            </line>
            <line>
              <![CDATA[==================================2693]]>
            </line>
            <line>
              <![CDATA[==================================05:0018:45
AirAsia India  I5631, I5549]]>
            </line>
            <line>
              <![CDATA[==================================2693]]>
            </line>
            <line>
              <![CDATA[==================================13:0002:55
+1
AirAsia India  I5363, I5722]]>
            </line>
            <line>
              <![CDATA[==================================2744]]>
            </line>
            <line>
              <![CDATA[==================================12:1502:55
+1
AirAsia India  I5942, I5722]]>
            </line>
            <line>
              <![CDATA[==================================2744]]>
            </line>
            <line>
              <![CDATA[==================================11:1017:50
Go Air  G8351, G8150]]>
            </line>
            <line>
              <![CDATA[==================================2744]]>
            </line>
            <line>
              <![CDATA[==================================11:1020:45
Go Air  G8351, G8132]]>
            </line>
            <line>
              <![CDATA[==================================2752]]>
            </line>
            <line>
              <![CDATA[==================================11:1022:15
Go Air  G8351, G8144]]>
            </line>
            <line>
              <![CDATA[==================================2988]]>
            </line>
            <line>
              <![CDATA[==================================12:5019:45
Go Air  G8335, G8175]]>
            </line>
            <line>
              <![CDATA[==================================2988]]>
            </line>
            <line>
              <![CDATA[==================================07:0013:55
AirAsia India  I5941, I5824]]>
            </line>
            <line>
              <![CDATA[==================================2988]]>
            </line>
            <line>
              <![CDATA[==================================05:0013:55
AirAsia India  I5631, I5745]]>
            </line>
            <line>
              <![CDATA[==================================2988]]>
            </line>
            <line>
              <![CDATA[==================================13:0022:20
AirAsia India  I5363, I5996]]>
            </line>
            <line>
              <![CDATA[==================================2988]]>
            </line>
            <line>
              <![CDATA[==================================12:1522:20
AirAsia India  I5942, I5996]]>
            </line>
            <line>
              <![CDATA[==================================2989]]>
            </line>
            <line>
              <![CDATA[==================================23:3509:55
+1
AirAsia India  I5317, I5552]]>
            </line>
            <line>
              <![CDATA[==================================3039]]>
            </line>
            <line>
              <![CDATA[==================================15:2002:05
+1
Go Air  G8382, G8195]]>
            </line>
            <line>
              <![CDATA[==================================3046]]>
            </line>
            <line>
              <![CDATA[==================================11:1016:20
Go Air  G8351, G8229]]>
            </line>
            <line>
              <![CDATA[==================================3046]]>
            </line>
            <line>
              <![CDATA[==================================19:4521:55
Vistara  UK940]]>
            </line>
            <line>
              <![CDATA[==================================3046]]>
            </line>
            <line>
              <![CDATA[==================================17:3019:40
Vistara  UK910]]>
            </line>
            <line>
              <![CDATA[==================================3046]]>
            </line>
            <line>
              <![CDATA[==================================10:2512:40
Vistara  UK994]]>
            </line>
            <line>
              <![CDATA[==================================3046]]>
            </line>
            <line>
              <![CDATA[==================================15:4518:05
Vistara  UK902]]>
            </line>
            <line>
              <![CDATA[==================================3145]]>
            </line>
            <line>
              <![CDATA[==================================10:5519:45
Go Air  G8306, G8175]]>
            </line>
            <line>
              <![CDATA[==================================3145]]>
            </line>
            <line>
              <![CDATA[==================================10:5016:10
Go Air  G8287, G8196]]>
            </line>
            <line>
              <![CDATA[==================================3145]]>
            </line>
            <line>
              <![CDATA[==================================10:5019:15
Go Air  G8287, G8189]]>
            </line>
            <line>
              <![CDATA[==================================3145]]>
            </line>
            <line>
              <![CDATA[==================================10:5019:50
Go Air  G8287, G8181]]>
            </line>
            <line>
              <![CDATA[==================================3145]]>
            </line>
            <line>
              <![CDATA[==================================10:5020:55
Go Air  G8287, G8149]]>
            </line>
            <line>
              <![CDATA[==================================3151]]>
            </line>
            <line>
              <![CDATA[==================================10:5021:20
Go Air  G8287, G83018]]>
            </line>
            <line>
              <![CDATA[==================================3243]]>
            </line>
            <line>
              <![CDATA[==================================10:3022:00
Go Air  G8349, G8183]]>
            </line>
            <line>
              <![CDATA[==================================3243]]>
            </line>
            <line>
              <![CDATA[==================================15:2520:40
IndiGo  6E5568, 6E648]]>
            </line>
            <line>
              <![CDATA[==================================3284]]>
            </line>
            <line>
              <![CDATA[==================================17:4001:10
+1
IndiGo  6E5623, 6E2023]]>
            </line>
            <line>
              <![CDATA[==================================3284]]>
            </line>
            <line>
              <![CDATA[==================================15:2020:05
Go Air  G8382, G8285]]>
            </line>
            <line>
              <![CDATA[==================================3284]]>
            </line>
            <line>
              <![CDATA[==================================22:0003:05
+1
Go Air  G8384, G83020]]>
            </line>
            <line>
              <![CDATA[==================================3353]]>
            </line>
            <line>
              <![CDATA[==================================11:3020:05
Go Air  G8331, G8285]]>
            </line>
            <line>
              <![CDATA[==================================3394]]>
            </line>
            <line>
              <![CDATA[==================================22:5007:45
+1
SpiceJet  SG637, SG8194]]>
            </line>
            <line>
              <![CDATA[==================================3394]]>
            </line>
            <line>
              <![CDATA[==================================07:3511:15
Go Air  G8365, G8720]]>
            </line>
            <line>
              <![CDATA[==================================3494]]>
            </line>
            <line>
              <![CDATA[==================================19:2023:55
Go Air  G8364, G8714]]>
            </line>
            <line>
              <![CDATA[==================================3494]]>
            </line>
            <line>
              <![CDATA[==================================13:3018:15
IndiGo  6E5388, 6E2392]]>
            </line>
            <line>
              <![CDATA[==================================3494]]>
            </line>
            <line>
              <![CDATA[==================================19:1500:30
+1
IndiGo  6E6818, 6E2173]]>
            </line>
            <line>
              <![CDATA[==================================3494]]>
            </line>
            <line>
              <![CDATA[==================================17:5523:10
IndiGo  6E448, 6E2385]]>
            </line>
            <line>
              <![CDATA[==================================3494]]>
            </line>
            <line>
              <![CDATA[==================================16:1021:30
IndiGo  6E267, 6E791]]>
            </line>
            <line>
              <![CDATA[==================================3494]]>
            </line>
            <line>
              <![CDATA[==================================17:5500:30
+1
IndiGo  6E448, 6E2173]]>
            </line>
            <line>
              <![CDATA[==================================3494]]>
            </line>
            <line>
              <![CDATA[==================================16:2523:10
IndiGo  6E5375, 6E2385]]>
            </line>
            <line>
              <![CDATA[==================================3494]]>
            </line>
            <line>
              <![CDATA[==================================10:2517:15
IndiGo  6E5307, 6E6409]]>
            </line>
            <line>
              <![CDATA[==================================3494]]>
            </line>
            <line>
              <![CDATA[==================================16:1023:30
IndiGo  6E267, 6E2383]]>
            </line>
            <line>
              <![CDATA[==================================3494]]>
            </line>
            <line>
              <![CDATA[==================================07:3515:20
IndiGo  6E6555, 6E482]]>
            </line>
            <line>
              <![CDATA[==================================3494]]>
            </line>
            <line>
              <![CDATA[==================================07:2015:15
IndiGo  6E5731, 6E6468]]>
            </line>
            <line>
              <![CDATA[==================================3712]]>
            </line>
            <line>
              <![CDATA[==================================16:2500:30
+1
IndiGo  6E5375, 6E2173]]>
            </line>
            <line>
              <![CDATA[==================================3712]]>
            </line>
            <line>
              <![CDATA[==================================13:5015:55
Go Air  G8391]]>
            </line>
            <line>
              <![CDATA[==================================3712]]>
            </line>
            <line>
              <![CDATA[==================================08:0510:10
Go Air  G8327]]>
            </line>
            <line>
              <![CDATA[==================================3712]]>
            </line>
            <line>
              <![CDATA[==================================06:0008:05
Go Air  G8329]]>
            </line>
            <line>
              <![CDATA[==================================3712]]>
            </line>
            <line>
              <![CDATA[==================================18:0020:05
Go Air  G8339]]>
            </line>
            <line>
              <![CDATA[==================================3712]]>
            </line>
            <line>
              <![CDATA[==================================06:0508:15
IndiGo  6E5047]]>
            </line>
            <line>
              <![CDATA[==================================3712]]>
            </line>
            <line>
              <![CDATA[==================================18:4520:55
IndiGo  6E2412]]>
            </line>
            <line>
              <![CDATA[==================================3712]]>
            </line>
            <line>
              <![CDATA[==================================17:0019:10
IndiGo  6E5535]]>
            </line>
            <line>
              <![CDATA[==================================3712]]>
            </line>
            <line>
              <![CDATA[==================================09:1511:25
IndiGo  6E6126]]>
            </line>
            <line>
              <![CDATA[==================================3712]]>
            </line>
            <line>
              <![CDATA[==================================07:0009:10
Air India  AI864]]>
            </line>
            <line>
              <![CDATA[==================================3712]]>
            </line>
            <line>
              <![CDATA[==================================13:3515:50
IndiGo  6E5519]]>
            </line>
            <line>
              <![CDATA[==================================3712]]>
            </line>
            <line>
              <![CDATA[==================================07:4510:00
IndiGo  6E2417]]>
            </line>
            <line>
              <![CDATA[==================================3712]]>
            </line>
            <line>
              <![CDATA[==================================10:1512:30
SpiceJet  SG8702]]>
            </line>
            <line>
              <![CDATA[==================================3712]]>
            </line>
            <line>
              <![CDATA[==================================07:2009:35
SpiceJet  SG8152]]>
            </line>
            <line>
              <![CDATA[==================================3712]]>
            </line>
            <line>
              <![CDATA[==================================19:0021:15
Air India  AI888]]>
            </line>
            <line>
              <![CDATA[==================================3712]]>
            </line>
            <line>
              <![CDATA[==================================10:0012:15
Air India  AI809]]>
            </line>
            <line>
              <![CDATA[==================================3712]]>
            </line>
            <line>
              <![CDATA[==================================11:5014:05
IndiGo  6E2352]]>
            </line>
            <line>
              <![CDATA[==================================3712]]>
            </line>
            <line>
              <![CDATA[==================================21:3023:45
IndiGo  6E248]]>
            </line>
            <line>
              <![CDATA[==================================3712]]>
            </line>
            <line>
              <![CDATA[==================================19:3521:55
SpiceJet  SG8158]]>
            </line>
            <line>
              <![CDATA[==================================3712]]>
            </line>
            <line>
              <![CDATA[==================================18:0020:30
Air India  AI660]]>
            </line>
            <line>
              <![CDATA[==================================3712]]>
            </line>
            <line>
              <![CDATA[==================================16:2020:25
SpiceJet  SG2642]]>
            </line>
            <line>
              <![CDATA[==================================3713]]>
            </line>
            <line>
              <![CDATA[==================================07:0511:10
Air India  AI635]]>
            </line>
            <line>
              <![CDATA[==================================3744]]>
            </line>
            <line>
              <![CDATA[==================================18:3520:45
AirAsia India  I5829]]>
            </line>
            <line>
              <![CDATA[==================================3744]]>
            </line>
            <line>
              <![CDATA[==================================14:1019:05
IndiGo  6E953, 6E226]]>
            </line>
            <line>
              <![CDATA[==================================3744]]>
            </line>
            <line>
              <![CDATA[==================================11:1016:10
IndiGo  6E918, 6E2438]]>
            </line>
            <line>
              <![CDATA[==================================3744]]>
            </line>
            <line>
              <![CDATA[==================================10:0015:10
IndiGo  6E5326, 6E455]]>
            </line>
            <line>
              <![CDATA[==================================3995]]>
            </line>
            <line>
              <![CDATA[==================================11:5019:40
IndiGo  6E749, 6E2299]]>
            </line>
            <line>
              <![CDATA[==================================3995]]>
            </line>
            <line>
              <![CDATA[==================================16:4500:45
+1
IndiGo  6E793, 6E5178]]>
            </line>
            <line>
              <![CDATA[==================================3275]]>
            </line>
            <line>
              <![CDATA[==================================11:3019:30
IndiGo  6E832, 6E2086]]>
            </line>
            <line>
              <![CDATA[==================================3275]]>
            </line>
            <line>
              <![CDATA[==================================05:4507:55
AirAsia India  I5314]]>
            </line>
            <line>
              <![CDATA[==================================3275]]>
            </line>
            <line>
              <![CDATA[==================================06:1510:15
IndiGo  6E2098, 6E5343]]>
            </line>
            <line>
              <![CDATA[==================================3275]]>
            </line>
            <line>
              <![CDATA[==================================12:1016:20
IndiGo  6E161, 6E5303]]>
            </line>
            <line>
              <![CDATA[==================================3275]]>
            </line>
            <line>
              <![CDATA[==================================13:5518:10
IndiGo  6E6245, 6E628]]>
            </line>
            <line>
              <![CDATA[==================================3275]]>
            </line>
            <line>
              <![CDATA[==================================20:1000:30
+1
IndiGo  6E5006, 6E6813]]>
            </line>
            <line>
              <![CDATA[==================================3275]]>
            </line>
            <line>
              <![CDATA[==================================10:5515:20
IndiGo  6E636, 6E264]]>
            </line>
            <line>
              <![CDATA[==================================3275]]>
            </line>
            <line>
              <![CDATA[==================================14:2519:10
IndiGo  6E2966, 6E933]]>
            </line>
            <line>
              <![CDATA[==================================3275]]>
            </line>
            <line>
              <![CDATA[==================================17:1522:15
IndiGo  6E2967, 6E5321]]>
            </line>
            <line>
              <![CDATA[==================================3275]]>
            </line>
            <line>
              <![CDATA[==================================19:1500:20
+1
IndiGo  6E723, 6E884]]>
            </line>
            <line>
              <![CDATA[==================================3275]]>
            </line>
            <line>
              <![CDATA[==================================12:1017:45
IndiGo  6E2044, 6E5306]]>
            </line>
            <line>
              <![CDATA[==================================3275]]>
            </line>
            <line>
              <![CDATA[==================================13:5019:30
IndiGo  6E2733, 6E6811]]>
            </line>
            <line>
              <![CDATA[==================================3275]]>
            </line>
            <line>
              <![CDATA[==================================16:3022:10
IndiGo  6E2546, 6E891]]>
            </line>
            <line>
              <![CDATA[==================================3275]]>
            </line>
            <line>
              <![CDATA[==================================18:4500:30
+1
IndiGo  6E2136, 6E6813]]>
            </line>
            <line>
              <![CDATA[==================================3275]]>
            </line>
            <line>
              <![CDATA[==================================15:5021:40
IndiGo  6E937, 6E6602]]>
            </line>
            <line>
              <![CDATA[==================================3275]]>
            </line>
            <line>
              <![CDATA[==================================11:0016:50
IndiGo  6E322, 6E448]]>
            </line>
            <line>
              <![CDATA[==================================3275]]>
            </line>
            <line>
              <![CDATA[==================================07:2013:10
IndiGo  6E2373, 6E167]]>
            </line>
            <line>
              <![CDATA[==================================3275]]>
            </line>
            <line>
              <![CDATA[==================================10:0015:55
IndiGo  6E2334, 6E5377]]>
            </line>
            <line>
              <![CDATA[==================================3275]]>
            </line>
            <line>
              <![CDATA[==================================09:4515:40
IndiGo  6E816, 6E903]]>
            </line>
            <line>
              <![CDATA[==================================3275]]>
            </line>
            <line>
              <![CDATA[==================================06:2012:20
IndiGo  6E774, 6E297]]>
            </line>
            <line>
              <![CDATA[==================================3275]]>
            </line>
            <line>
              <![CDATA[==================================11:3517:35
IndiGo  6E2187, 6E5325]]>
            </line>
            <line>
              <![CDATA[==================================3275]]>
            </line>
            <line>
              <![CDATA[==================================19:1501:20
+1
IndiGo  6E723, 6E235]]>
            </line>
            <line>
              <![CDATA[==================================3275]]>
            </line>
            <line>
              <![CDATA[==================================13:3519:40
IndiGo  6E6205, 6E5312]]>
            </line>
            <line>
              <![CDATA[==================================3275]]>
            </line>
            <line>
              <![CDATA[==================================06:3012:50
IndiGo  6E2042, 6E5399]]>
            </line>
            <line>
              <![CDATA[==================================3275]]>
            </line>
            <line>
              <![CDATA[==================================14:1020:35
IndiGo  6E2201, 6E5358]]>
            </line>
            <line>
              <![CDATA[==================================3279]]>
            </line>
            <line>
              <![CDATA[==================================04:3511:00
IndiGo  6E517, 6E5622]]>
            </line>
            <line>
              <![CDATA[==================================3279]]>
            </line>
            <line>
              <![CDATA[==================================13:1519:50
IndiGo  6E951, 6E468]]>
            </line>
            <line>
              <![CDATA[==================================3284]]>
            </line>
            <line>
              <![CDATA[==================================20:5006:20
+1
AirAsia India  I5721, I5941]]>
            </line>
            <line>
              <![CDATA[==================================3284]]>
            </line>
            <line>
              <![CDATA[==================================16:0506:20
+1
AirAsia India  I5784, I5941]]>
            </line>
            <line>
              <![CDATA[==================================3334]]>
            </line>
            <line>
              <![CDATA[==================================16:5521:10
Go Air  G8188, G8396]]>
            </line>
            <line>
              <![CDATA[==================================3334]]>
            </line>
            <line>
              <![CDATA[==================================12:0017:50
Go Air  G8268, G8337]]>
            </line>
            <line>
              <![CDATA[==================================3440]]>
            </line>
            <line>
              <![CDATA[==================================20:1006:35
+1
SpiceJet  SG8193, SG636]]>
            </line>
            <line>
              <![CDATA[==================================3440]]>
            </line>
            <line>
              <![CDATA[==================================05:4506:35
+1
SpiceJet  SG8913, SG636]]>
            </line>
            <line>
              <![CDATA[==================================3440]]>
            </line>
            <line>
              <![CDATA[==================================10:2015:30
Go Air  G8404, G8350]]>
            </line>
            <line>
              <![CDATA[==================================3440]]>
            </line>
            <line>
              <![CDATA[==================================11:0016:45
Go Air  G82511, G8352]]>
            </line>
            <line>
              <![CDATA[==================================3440]]>
            </line>
            <line>
              <![CDATA[==================================12:0018:40
Go Air  G8194, G82606]]>
            </line>
            <line>
              <![CDATA[==================================3440]]>
            </line>
            <line>
              <![CDATA[==================================12:0018:40
Go Air  G8137, G82606]]>
            </line>
            <line>
              <![CDATA[==================================3440]]>
            </line>
            <line>
              <![CDATA[==================================10:4018:00
Go Air  G8286, G8320]]>
            </line>
            <line>
              <![CDATA[==================================3440]]>
            </line>
            <line>
              <![CDATA[==================================12:0019:30
Go Air  G8137, G8372]]>
            </line>
            <line>
              <![CDATA[==================================3440]]>
            </line>
            <line>
              <![CDATA[==================================12:0019:30
Go Air  G8194, G8372]]>
            </line>
            <line>
              <![CDATA[==================================3491]]>
            </line>
            <line>
              <![CDATA[==================================10:2018:00
Go Air  G8404, G8320]]>
            </line>
            <line>
              <![CDATA[==================================3491]]>
            </line>
            <line>
              <![CDATA[==================================10:4018:40
Go Air  G8286, G82606]]>
            </line>
            <line>
              <![CDATA[==================================3637]]>
            </line>
            <line>
              <![CDATA[==================================08:5014:20
Go Air  G83011, G83002]]>
            </line>
            <line>
              <![CDATA[==================================3637]]>
            </line>
            <line>
              <![CDATA[==================================05:2011:15
Go Air  G8190, G8386]]>
            </line>
            <line>
              <![CDATA[==================================3637]]>
            </line>
            <line>
              <![CDATA[==================================06:0008:00
Vistara  UK975]]>
            </line>
            <line>
              <![CDATA[==================================3637]]>
            </line>
            <line>
              <![CDATA[==================================20:4022:50
Vistara  UK953]]>
            </line>
            <line>
              <![CDATA[==================================3637]]>
            </line>
            <line>
              <![CDATA[==================================16:5519:05
Vistara  UK941]]>
            </line>
            <line>
              <![CDATA[==================================3637]]>
            </line>
            <line>
              <![CDATA[==================================15:3017:40
Vistara  UK933]]>
            </line>
            <line>
              <![CDATA[==================================3637]]>
            </line>
            <line>
              <![CDATA[==================================09:3011:40
Vistara  UK927]]>
            </line>
            <line>
              <![CDATA[==================================3637]]>
            </line>
            <line>
              <![CDATA[==================================12:5015:00
Vistara  UK993]]>
            </line>
            <line>
              <![CDATA[==================================3637]]>
            </line>
            <line>
              <![CDATA[==================================19:5022:00
Vistara  UK985]]>
            </line>
            <line>
              <![CDATA[==================================3637]]>
            </line>
            <line>
              <![CDATA[==================================21:4023:50
Vistara  UK981]]>
            </line>
            <line>
              <![CDATA[==================================3637]]>
            </line>
            <line>
              <![CDATA[==================================07:3009:45
Vistara  UK943]]>
            </line>
            <line>
              <![CDATA[==================================3637]]>
            </line>
            <line>
              <![CDATA[==================================10:2012:35
Vistara  UK995]]>
            </line>
            <line>
              <![CDATA[==================================3637]]>
            </line>
            <line>
              <![CDATA[==================================17:4520:05
Vistara  UK955]]>
            </line>
            <line>
              <![CDATA[==================================3637]]>
            </line>
            <line>
              <![CDATA[==================================11:4014:00
Vistara  UK945]]>
            </line>
            <line>
              <![CDATA[==================================3774]]>
            </line>
            <line>
              <![CDATA[==================================18:5521:15
Vistara  UK977]]>
            </line>
            <line>
              <![CDATA[==================================3774]]>
            </line>
            <line>
              <![CDATA[==================================08:5011:10
Vistara  UK963]]>
            </line>
            <line>
              <![CDATA[==================================3774]]>
            </line>
            <line>
              <![CDATA[==================================18:0018:20
+1
Vistara  UK969, UK926]]>
            </line>
            <line>
              <![CDATA[==================================4428]]>
            </line>
            <line>
              <![CDATA[==================================08:4518:20
Vistara  UK979, UK926]]>
            </line>
            <line>
              <![CDATA[==================================4428]]>
            </line>
            <line>
              <![CDATA[==================================06:3018:20
Vistara  UK959, UK926]]>
            </line>
            <line>
              <![CDATA[==================================4428]]>
            </line>
            <line>
              <![CDATA[==================================20:5022:55
Go Air  G8330]]>
            </line>
            <line>
              <![CDATA[==================================4428]]>
            </line>
            <line>
              <![CDATA[==================================08:0010:05
Go Air  G8334]]>
            </line>
            <line>
              <![CDATA[==================================4428]]>
            </line>
            <line>
              <![CDATA[==================================06:5008:55
Go Air  G8530]]>
            </line>
            <line>
              <![CDATA[==================================4428]]>
            </line>
            <line>
              <![CDATA[==================================18:2020:25
Go Air  G8323]]>
            </line>
            <line>
              <![CDATA[==================================4428]]>
            </line>
            <line>
              <![CDATA[==================================08:5011:00
SpiceJet  SG8723]]>
            </line>
            <line>
              <![CDATA[==================================4428]]>
            </line>
            <line>
              <![CDATA[==================================07:2009:35
SpiceJet  SG8701]]>
            </line>
            <line>
              <![CDATA[==================================4428]]>
            </line>
            <line>
              <![CDATA[==================================18:4521:05
SpiceJet  SG8709]]>
            </line>
            <line>
              <![CDATA[==================================4429]]>
            </line>
            <line>
              <![CDATA[==================================19:4522:05
SpiceJet  SG8169]]>
            </line>
            <line>
              <![CDATA[==================================4429]]>
            </line>
            <line>
              <![CDATA[==================================11:3015:50
SpiceJet  SG2871]]>
            </line>
            <line>
              <![CDATA[==================================4429]]>
            </line>
            <line>
              <![CDATA[==================================02:3004:35
IndiGo  6E171]]>
            </line>
            <line>
              <![CDATA[==================================4429]]>
            </line>
            <line>
              <![CDATA[==================================07:0009:05
Air India  AI887]]>
            </line>
            <line>
              <![CDATA[==================================4429]]>
            </line>
            <line>
              <![CDATA[==================================07:2009:25
IndiGo  6E5536]]>
            </line>
            <line>
              <![CDATA[==================================4429]]>
            </line>
            <line>
              <![CDATA[==================================15:4517:50
IndiGo  6E5071]]>
            </line>
            <line>
              <![CDATA[==================================4429]]>
            </line>
            <line>
              <![CDATA[==================================12:0014:05
IndiGo  6E6202]]>
            </line>
            <line>
              <![CDATA[==================================4429]]>
            </line>
            <line>
              <![CDATA[==================================06:5008:55
IndiGo  6E993]]>
            </line>
            <line>
              <![CDATA[==================================4429]]>
            </line>
            <line>
              <![CDATA[==================================20:0022:10
Air India  AI805]]>
            </line>
            <line>
              <![CDATA[==================================4429]]>
            </line>
            <line>
              <![CDATA[==================================08:0010:10
Air India  AI665]]>
            </line>
            <line>
              <![CDATA[==================================4429]]>
            </line>
            <line>
              <![CDATA[==================================08:0510:15
IndiGo  6E5012]]>
            </line>
            <line>
              <![CDATA[==================================4429]]>
            </line>
            <line>
              <![CDATA[==================================10:4012:50
Air India  AI865]]>
            </line>
            <line>
              <![CDATA[==================================4429]]>
            </line>
            <line>
              <![CDATA[==================================16:4018:50
IndiGo  6E5115]]>
            </line>
            <line>
              <![CDATA[==================================4429]]>
            </line>
            <line>
              <![CDATA[==================================21:5500:05
+1
IndiGo  6E665]]>
            </line>
            <line>
              <![CDATA[==================================4429]]>
            </line>
            <line>
              <![CDATA[==================================19:4021:50
IndiGo  6E5162]]>
            </line>
            <line>
              <![CDATA[==================================4429]]>
            </line>
            <line>
              <![CDATA[==================================09:3011:45
IndiGo  6E2281]]>
            </line>
            <line>
              <![CDATA[==================================4429]]>
            </line>
            <line>
              <![CDATA[==================================08:4511:00
IndiGo  6E6197]]>
            </line>
            <line>
              <![CDATA[==================================4429]]>
            </line>
            <line>
              <![CDATA[==================================17:4520:00
IndiGo  6E6186]]>
            </line>
            <line>
              <![CDATA[==================================4429]]>
            </line>
            <line>
              <![CDATA[==================================04:5507:10
IndiGo  6E5379]]>
            </line>
            <line>
              <![CDATA[==================================4429]]>
            </line>
            <line>
              <![CDATA[==================================19:0021:15
Air India  AI624]]>
            </line>
            <line>
              <![CDATA[==================================4429]]>
            </line>
            <line>
              <![CDATA[==================================10:3012:45
IndiGo  6E5518]]>
            </line>
            <line>
              <![CDATA[==================================4429]]>
            </line>
            <line>
              <![CDATA[==================================09:0011:15
Air India  AI678]]>
            </line>
            <line>
              <![CDATA[==================================4430]]>
            </line>
            <line>
              <![CDATA[==================================20:3023:00
IndiGo  6E5625]]>
            </line>
            <line>
              <![CDATA[==================================4430]]>
            </line>
            <line>
              <![CDATA[==================================17:5021:35
Air India  AI441]]>
            </line>
            <line>
              <![CDATA[==================================5330]]>
            </line>
            <line>
              <![CDATA[==================================15:4017:50
AirAsia India  I5559]]>
            </line>
            <line>
              <![CDATA[==================================5330]]>
            </line>
            <line>
              <![CDATA[==================================20:5523:15
AirAsia India  I5482]]>
            </line>
            <line>
              <![CDATA[==================================5334]]>
            </line>
            <line>
              <![CDATA[==================================16:4521:05
Go Air  G8717, G8537]]>
            </line>
            <line>
              <![CDATA[==================================5334]]>
            </line>
            <line>
              <![CDATA[==================================20:0501:45
+1
Go Air  G8713, G8413]]>
            </line>
            <line>
              <![CDATA[==================================5334]]>
            </line>
            <line>
              <![CDATA[==================================14:3020:20
AirAsia India  I5828, I5630]]>
            </line>
            <line>
              <![CDATA[==================================5334]]>
            </line>
            <line>
              <![CDATA[==================================20:5004:20
+1
AirAsia India  I5721, I5334]]>
            </line>
            <line>
              <![CDATA[==================================5334]]>
            </line>
            <line>
              <![CDATA[==================================08:3017:55
AirAsia India  I5926, I5304]]>
            </line>
            <line>
              <![CDATA[==================================5334]]>
            </line>
            <line>
              <![CDATA[==================================08:0017:55
AirAsia India  I5740, I5304]]>
            </line>
            <line>
              <![CDATA[==================================5334]]>
            </line>
            <line>
              <![CDATA[==================================09:2520:20
AirAsia India  I5744, I5630]]>
            </line>
          </reporter-output>
        </test-method> <!-- airlineSearchDetails -->
      </class> <!-- test.automation.test.com.AirlineSearchDetails -->
    </test> <!-- Default test -->
  </suite> <!-- Default suite -->
</testng-results>
